0 silly argv {
0 silly argv   _: [ 'publish' ],
0 silly argv   composed: 'publish',
0 silly argv   lernaVersion: '4.0.0',
0 silly argv   '$0': 'node_modules/.bin/lerna'
0 silly argv }
1 notice cli v4.0.0
2 verbose rootPath /Users/dbarkoczi/works/monorepo-test
3 info versioning independent
4 verbose session 013a3aefa4cb2b2b
5 verbose user-agent lerna/4.0.0/node@v12.14.0+x64 (darwin)
6 silly argv { _: [ 'publish' ], composed: 'publish', lernaVersion: '4.0.0' }
7 verbose rootPath /Users/dbarkoczi/works/monorepo-test
8 silly isAnythingCommitted
9 verbose isAnythingCommitted 1
10 silly getCurrentBranch
11 verbose currentBranch main
12 silly remoteBranchExists
13 silly isBehindUpstream
14 silly isBehindUpstream main is behind origin/main by 0 commit(s) and ahead by 1
15 silly hasTags
16 verbose hasTags true
17 silly git-describe.sync "rudywaltz-test-npm2@1.1.0-1-gbba6155" => {"lastTagName":"rudywaltz-test-npm2@1.1.0","lastVersion":"1.1.0","refCount":"1","sha":"bba6155","isDirty":false}
18 info Looking for changed packages since rudywaltz-test-npm2@1.1.0
19 silly checking diff projects/rudywaltz-test-npm
20 silly found diff in projects/rudywaltz-test-npm/package.json
21 verbose filtered diff [ 'projects/rudywaltz-test-npm/package.json' ]
22 silly checking diff projects/rudywaltz-test-npm2
23 silly no diff found in rudywaltz-test-npm2
24 verbose updated rudywaltz-test-npm
25 verbose git-describe undefined => "rudywaltz-test-npm2@1.1.0-1-gbba6155"
26 silly git-describe parsed => {"lastTagName":"rudywaltz-test-npm2@1.1.0","lastVersion":"1.1.0","refCount":"1","sha":"bba6155","isDirty":false}
27 silly independent for rudywaltz-test-npm at /Users/dbarkoczi/works/monorepo-test/projects/rudywaltz-test-npm
28 verbose getChangelogConfig using preset "conventional-changelog-angular"
29 silly npa Result {
29 silly npa   type: 'tag',
29 silly npa   registry: true,
29 silly npa   where: undefined,
29 silly npa   raw: 'conventional-changelog-angular',
29 silly npa   name: 'conventional-changelog-angular',
29 silly npa   escapedName: 'conventional-changelog-angular',
29 silly npa   scope: undefined,
29 silly npa   rawSpec: '',
29 silly npa   saveSpec: null,
29 silly npa   fetchSpec: 'latest',
29 silly npa   gitRange: undefined,
29 silly npa   gitCommittish: undefined,
29 silly npa   hosted: undefined
29 silly npa }
30 verbose getChangelogConfig Attempting to resolve preset "conventional-changelog-angular"
31 info getChangelogConfig Successfully resolved preset "conventional-changelog-angular"
32 verbose independent increment 1.1.0 by patch
33 info execute Skipping releases
34 silly lifecycle No script for "preversion" in "monorepo-test", continuing
35 silly lifecycle No script for "preversion" in "rudywaltz-test-npm", continuing
36 silly lifecycle No script for "version" in "rudywaltz-test-npm", continuing
37 silly independent for rudywaltz-test-npm at /Users/dbarkoczi/works/monorepo-test/projects/rudywaltz-test-npm
38 silly independent writing new entry: "## [1.1.1](https://github.com/rudywaltz/monorepo-test/compare/rudywaltz-test-npm@1.1.0...rudywaltz-test-npm@1.1.1) (2021-04-16)\n\n\n### Bug Fixes\n\n* publish config ([bba6155](https://github.com/rudywaltz/monorepo-test/commit/bba6155f2879b5c73f5381bf33184cbf56a4bd6e))\n\n\n\n"
39 verbose independent wrote /Users/dbarkoczi/works/monorepo-test/projects/rudywaltz-test-npm/CHANGELOG.md
40 silly lifecycle No script for "version" in "monorepo-test", continuing
41 silly gitAdd [
41 silly gitAdd   'projects/rudywaltz-test-npm/package.json',
41 silly gitAdd   'projects/rudywaltz-test-npm/package-lock.json',
41 silly gitAdd   'projects/rudywaltz-test-npm/CHANGELOG.md'
41 silly gitAdd ]
42 silly gitCommit chore(release): release
42 silly gitCommit
42 silly gitCommit  - rudywaltz-test-npm@1.1.1
43 verbose git [
43 verbose git   'commit',
43 verbose git   '-F',
43 verbose git   '/private/var/folders/0x/mg21mwbx6wz431kgfzfdybx80000gp/T/a08b0d7e-7732-4c85-b961-25e3b022a3f4/lerna-commit.txt'
43 verbose git ]
44 silly gitTag rudywaltz-test-npm@1.1.1
45 verbose git [ 'tag', 'rudywaltz-test-npm@1.1.1', '-m', 'rudywaltz-test-npm@1.1.1' ]
46 silly lifecycle No script for "postversion" in "rudywaltz-test-npm", continuing
47 silly lifecycle No script for "postversion" in "monorepo-test", continuing
48 info git Pushing tags...
49 silly gitPush origin main
50 info publish Publishing packages to npm...
51 info Verifying npm credentials
52 verbose Retrieving npm user profile
53 http fetch GET 200 https://registry.npmjs.org/-/npm/v1/user 1093ms
54 silly npm profile get received {"tfa":false,"name":"david.barkoczi","email":"david.barkoczi@emarsys.com","email_verified":true,"created":"2016-08-02T09:44:21.476Z","updated":"2020-10-15T21:11:45.497Z","cidr_whitelist":null}
55 silly get npm username received {"username":"david.barkoczi","tfa":false,"name":"david.barkoczi","email":"david.barkoczi@emarsys.com","email_verified":true,"created":"2016-08-02T09:44:21.476Z","updated":"2020-10-15T21:11:45.497Z","cidr_whitelist":null}
56 silly verifyNpmPackageAccess
57 http fetch GET 200 https://registry.npmjs.org/-/org/david.barkoczi/package?format=cli 952ms
58 info Checking two-factor auth mode
59 verbose Retrieving npm user profile
60 http fetch GET 200 https://registry.npmjs.org/-/npm/v1/user 360ms
61 silly npm profile get received {"tfa":false,"name":"david.barkoczi","email":"david.barkoczi@emarsys.com","email_verified":true,"created":"2016-08-02T09:44:21.476Z","updated":"2020-10-15T21:11:45.497Z","cidr_whitelist":null}
62 silly 2FA false
63 warn ENOLICENSE Package rudywaltz-test-npm is missing a license.
63 warn ENOLICENSE One way to fix this is to add a LICENSE.md file to the root of this repository.
63 warn ENOLICENSE See https://choosealicense.com for additional guidance.
64 silly getCurrentSHA
65 verbose getCurrentSHA 3712464d5198b6c8d790d3c7b68169cd271f892b
66 silly lifecycle No script for "prepublish" in "monorepo-test", continuing
67 silly lifecycle No script for "prepare" in "monorepo-test", continuing
68 silly lifecycle No script for "prepublishOnly" in "monorepo-test", continuing
69 silly lifecycle No script for "prepack" in "monorepo-test", continuing
70 verbose pack-directory projects/rudywaltz-test-npm/dist
71 silly lifecycle No script for "prepublish" in "rudywaltz-test-npm", continuing
72 silly lifecycle No script for "prepare" in "rudywaltz-test-npm", continuing
73 silly lifecycle No script for "prepublishOnly" in "rudywaltz-test-npm", continuing
74 silly lifecycle No script for "prepack" in "rudywaltz-test-npm", continuing
75 error
